{"/home/trioangle/trioangle/typeorm/src/schema.ts": {"path":"/home/trioangle/trioangle/typeorm/src/schema.ts","statementMap":{"0":{"start":{"line":1,"column":0},"end":{"line":1,"column":43}},"1":{"start":{"line":3,"column":13},"end":{"line":10,"column":null}},"2":{"start":{"line":4,"column":4},"end":{"line":9,"column":null}},"3":{"start":{"line":7,"column":12},"end":{"line":7,"column":null}}},"fnMap":{"0":{"name":"(anonymous_0)","decl":{"start":{"line":3,"column":24},"end":{"line":3,"column":27}},"loc":{"start":{"line":3,"column":29},"end":{"line":10,"column":1}}},"1":{"name":"(anonymous_1)","decl":{"start":{"line":6,"column":21},"end":{"line":6,"column":22}},"loc":{"start":{"line":6,"column":56},"end":{"line":8,"column":9}}}},"branchMap":{},"s":{"0":1,"1":1,"2":1,"3":1},"f":{"0":1,"1":1},"b":{}}
,"/home/trioangle/trioangle/typeorm/src/entity/User.ts": {"path":"/home/trioangle/trioangle/typeorm/src/entity/User.ts","statementMap":{"0":{"start":{"line":1,"column":0},"end":{"line":1,"column":75}},"1":{"start":{"line":2,"column":0},"end":{"line":2,"column":59}},"2":{"start":{"line":6,"column":0},"end":{"line":40,"column":null}},"3":{"start":{"line":37,"column":8},"end":{"line":37,"column":null}},"4":{"start":{"line":10,"column":4},"end":{"line":10,"column":null}},"5":{"start":{"line":8,"column":17},"end":{"line":8,"column":19}},"6":{"start":{"line":14,"column":4},"end":{"line":14,"column":null}},"7":{"start":{"line":18,"column":4},"end":{"line":18,"column":null}},"8":{"start":{"line":22,"column":4},"end":{"line":22,"column":null}},"9":{"start":{"line":30,"column":4},"end":{"line":30,"column":null}},"10":{"start":{"line":33,"column":4},"end":{"line":33,"column":null}},"11":{"start":{"line":36,"column":4},"end":{"line":38,"column":null}},"12":{"start":{"line":6,"column":13},"end":{"line":40,"column":null}},"13":{"start":{"line":6,"column":13},"end":{"line":6,"column":17}}},"fnMap":{"0":{"name":"(anonymous_4)","decl":{"start":{"line":36,"column":4},"end":{"line":36,"column":12}},"loc":{"start":{"line":36,"column":34},"end":{"line":38,"column":5}}},"1":{"name":"(anonymous_5)","decl":{"start":{"line":8,"column":11},"end":{"line":8,"column":14}},"loc":{"start":{"line":8,"column":17},"end":{"line":8,"column":19}}}},"branchMap":{},"s":{"0":1,"1":1,"2":1,"3":2,"4":1,"5":1,"6":1,"7":1,"8":1,"9":1,"10":1,"11":1,"12":1,"13":1},"f":{"0":2,"1":1},"b":{}}
,"/home/trioangle/trioangle/typeorm/src/modules/middleware/auth.ts": {"path":"/home/trioangle/trioangle/typeorm/src/modules/middleware/auth.ts","statementMap":{"0":{"start":{"line":3,"column":13},"end":{"line":9,"column":4}},"1":{"start":{"line":3,"column":67},"end":{"line":9,"column":4}},"2":{"start":{"line":4,"column":4},"end":{"line":6,"column":null}},"3":{"start":{"line":5,"column":8},"end":{"line":5,"column":null}},"4":{"start":{"line":8,"column":4},"end":{"line":8,"column":18}}},"fnMap":{"0":{"name":"(anonymous_7)","decl":{"start":{"line":3,"column":34},"end":{"line":3,"column":41}},"loc":{"start":{"line":3,"column":67},"end":{"line":9,"column":4}}},"1":{"name":"(anonymous_8)","decl":{"start":{"line":3,"column":67},"end":{"line":3,"column":null}},"loc":{"start":{"line":3,"column":67},"end":{"line":9,"column":3}}}},"branchMap":{"0":{"loc":{"start":{"line":4,"column":4},"end":{"line":6,"column":null}},"type":"if","locations":[{"start":{"line":4,"column":4},"end":{"line":6,"column":null}},{"start":{"line":4,"column":4},"end":{"line":6,"column":null}}]}},"s":{"0":1,"1":0,"2":0,"3":0,"4":0},"f":{"0":0,"1":0},"b":{"0":[0,0]}}
,"/home/trioangle/trioangle/typeorm/src/modules/middleware/logger.ts": {"path":"/home/trioangle/trioangle/typeorm/src/modules/middleware/logger.ts","statementMap":{"0":{"start":{"line":4,"column":13},"end":{"line":7,"column":null}},"1":{"start":{"line":4,"column":53},"end":{"line":7,"column":null}},"2":{"start":{"line":5,"column":4},"end":{"line":5,"column":null}},"3":{"start":{"line":6,"column":4},"end":{"line":6,"column":18}}},"fnMap":{"0":{"name":"(anonymous_7)","decl":{"start":{"line":4,"column":36},"end":{"line":4,"column":42}},"loc":{"start":{"line":4,"column":53},"end":{"line":7,"column":null}}},"1":{"name":"(anonymous_8)","decl":{"start":{"line":4,"column":53},"end":{"line":4,"column":null}},"loc":{"start":{"line":4,"column":53},"end":{"line":7,"column":1}}}},"branchMap":{},"s":{"0":1,"1":0,"2":0,"3":0},"f":{"0":0,"1":0},"b":{}}
,"/home/trioangle/trioangle/typeorm/src/modules/register/passwordInput.ts": {"path":"/home/trioangle/trioangle/typeorm/src/modules/register/passwordInput.ts","statementMap":{"0":{"start":{"line":1,"column":0},"end":{"line":1,"column":48}},"1":{"start":{"line":2,"column":0},"end":{"line":2,"column":45}},"2":{"start":{"line":6,"column":0},"end":{"line":10,"column":null}},"3":{"start":{"line":9,"column":4},"end":{"line":9,"column":null}},"4":{"start":{"line":6,"column":13},"end":{"line":10,"column":null}},"5":{"start":{"line":6,"column":13},"end":{"line":6,"column":26}}},"fnMap":{},"branchMap":{},"s":{"0":1,"1":1,"2":1,"3":1,"4":1,"5":1},"f":{},"b":{}}
,"/home/trioangle/trioangle/typeorm/src/modules/register/register.resolver.ts": {"path":"/home/trioangle/trioangle/typeorm/src/modules/register/register.resolver.ts","statementMap":{"0":{"start":{"line":1,"column":0},"end":{"line":1,"column":48}},"1":{"start":{"line":2,"column":0},"end":{"line":2,"column":44}},"2":{"start":{"line":3,"column":0},"end":{"line":3,"column":48}},"3":{"start":{"line":4,"column":0},"end":{"line":4,"column":100}},"4":{"start":{"line":5,"column":0},"end":{"line":5,"column":40}},"5":{"start":{"line":6,"column":0},"end":{"line":6,"column":41}},"6":{"start":{"line":10,"column":0},"end":{"line":69,"column":null}},"7":{"start":{"line":21,"column":21},"end":{"line":21,"column":75}},"8":{"start":{"line":22,"column":8},"end":{"line":24,"column":null}},"9":{"start":{"line":23,"column":12},"end":{"line":23,"column":null}},"10":{"start":{"line":26,"column":8},"end":{"line":26,"column":null}},"11":{"start":{"line":34,"column":8},"end":{"line":34,"column":null}},"12":{"start":{"line":49,"column":22},"end":{"line":51,"column":null}},"13":{"start":{"line":52,"column":21},"end":{"line":52,"column":52}},"14":{"start":{"line":53,"column":8},"end":{"line":53,"column":20}},"15":{"start":{"line":63,"column":22},"end":{"line":65,"column":null}},"16":{"start":{"line":66,"column":21},"end":{"line":66,"column":52}},"17":{"start":{"line":67,"column":8},"end":{"line":67,"column":20}},"18":{"start":{"line":16,"column":4},"end":{"line":27,"column":null}},"19":{"start":{"line":15,"column":17},"end":{"line":15,"column":21}},"20":{"start":{"line":33,"column":4},"end":{"line":35,"column":null}},"21":{"start":{"line":42,"column":4},"end":{"line":54,"column":null}},"22":{"start":{"line":41,"column":20},"end":{"line":41,"column":24}},"23":{"start":{"line":60,"column":4},"end":{"line":68,"column":null}},"24":{"start":{"line":59,"column":20},"end":{"line":59,"column":24}},"25":{"start":{"line":10,"column":13},"end":{"line":69,"column":null}},"26":{"start":{"line":10,"column":13},"end":{"line":10,"column":25}}},"fnMap":{"0":{"name":"(anonymous_11)","decl":{"start":{"line":16,"column":10},"end":{"line":16,"column":15}},"loc":{"start":{"line":17,"column":43},"end":{"line":27,"column":null}}},"1":{"name":"(anonymous_13)","decl":{"start":{"line":33,"column":10},"end":{"line":33,"column":18}},"loc":{"start":{"line":33,"column":39},"end":{"line":35,"column":null}}},"2":{"name":"(anonymous_15)","decl":{"start":{"line":42,"column":10},"end":{"line":42,"column":17}},"loc":{"start":{"line":47,"column":41},"end":{"line":54,"column":null}}},"3":{"name":"(anonymous_17)","decl":{"start":{"line":60,"column":10},"end":{"line":60,"column":20}},"loc":{"start":{"line":61,"column":81},"end":{"line":68,"column":null}}},"4":{"name":"(anonymous_19)","decl":{"start":{"line":15,"column":11},"end":{"line":15,"column":14}},"loc":{"start":{"line":15,"column":17},"end":{"line":15,"column":21}}},"5":{"name":"(anonymous_20)","decl":{"start":{"line":41,"column":14},"end":{"line":41,"column":17}},"loc":{"start":{"line":41,"column":20},"end":{"line":41,"column":24}}},"6":{"name":"(anonymous_21)","decl":{"start":{"line":59,"column":14},"end":{"line":59,"column":17}},"loc":{"start":{"line":59,"column":20},"end":{"line":59,"column":24}}}},"branchMap":{"0":{"loc":{"start":{"line":22,"column":8},"end":{"line":24,"column":null}},"type":"if","locations":[{"start":{"line":22,"column":8},"end":{"line":24,"column":null}},{"start":{"line":22,"column":8},"end":{"line":24,"column":null}}]}},"s":{"0":1,"1":1,"2":1,"3":1,"4":1,"5":1,"6":1,"7":1,"8":1,"9":0,"10":1,"11":0,"12":0,"13":0,"14":0,"15":1,"16":1,"17":1,"18":1,"19":1,"20":1,"21":1,"22":1,"23":1,"24":1,"25":1,"26":1},"f":{"0":1,"1":0,"2":0,"3":1,"4":1,"5":1,"6":1},"b":{"0":[0,1]}}
,"/home/trioangle/trioangle/typeorm/src/modules/register/registerInput.ts": {"path":"/home/trioangle/trioangle/typeorm/src/modules/register/registerInput.ts","statementMap":{"0":{"start":{"line":1,"column":0},"end":{"line":1,"column":44}},"1":{"start":{"line":2,"column":0},"end":{"line":2,"column":48}},"2":{"start":{"line":3,"column":0},"end":{"line":3,"column":48}},"3":{"start":{"line":4,"column":0},"end":{"line":4,"column":42}},"4":{"start":{"line":5,"column":0},"end":{"line":5,"column":59}},"5":{"start":{"line":9,"column":0},"end":{"line":28,"column":null}},"6":{"start":{"line":12,"column":4},"end":{"line":12,"column":null}},"7":{"start":{"line":15,"column":4},"end":{"line":15,"column":null}},"8":{"start":{"line":18,"column":4},"end":{"line":18,"column":null}},"9":{"start":{"line":23,"column":4},"end":{"line":23,"column":null}},"10":{"start":{"line":9,"column":13},"end":{"line":28,"column":null}},"11":{"start":{"line":9,"column":13},"end":{"line":9,"column":26}}},"fnMap":{},"branchMap":{},"s":{"0":1,"1":1,"2":1,"3":1,"4":1,"5":1,"6":1,"7":1,"8":1,"9":1,"10":1,"11":1},"f":{},"b":{}}
,"/home/trioangle/trioangle/typeorm/src/modules/register/validationConstrain.ts": {"path":"/home/trioangle/trioangle/typeorm/src/modules/register/validationConstrain.ts","statementMap":{"0":{"start":{"line":1,"column":0},"end":{"line":1,"column":43}},"1":{"start":{"line":2,"column":0},"end":{"line":2,"column":null}},"2":{"start":{"line":10,"column":2},"end":{"line":17,"column":null}},"3":{"start":{"line":12,"column":6},"end":{"line":15,"column":9}},"4":{"start":{"line":13,"column":8},"end":{"line":13,"column":31}},"5":{"start":{"line":13,"column":18},"end":{"line":13,"column":31}},"6":{"start":{"line":14,"column":8},"end":{"line":14,"column":20}},"7":{"start":{"line":10,"column":15},"end":{"line":17,"column":null}},"8":{"start":{"line":10,"column":15},"end":{"line":10,"column":43}},"9":{"start":{"line":20,"column":4},"end":{"line":28,"column":6}},"10":{"start":{"line":21,"column":6},"end":{"line":27,"column":9}},"11":{"start":{"line":19,"column":2},"end":{"line":19,"column":18}}},"fnMap":{"0":{"name":"(anonymous_1)","decl":{"start":{"line":11,"column":4},"end":{"line":11,"column":12}},"loc":{"start":{"line":11,"column":23},"end":{"line":16,"column":5}}},"1":{"name":"(anonymous_2)","decl":{"start":{"line":12,"column":52},"end":{"line":12,"column":53}},"loc":{"start":{"line":12,"column":88},"end":{"line":15,"column":7}}},"2":{"name":"IsUserAlreadyExist","decl":{"start":{"line":19,"column":18},"end":{"line":19,"column":36}},"loc":{"start":{"line":19,"column":74},"end":{"line":29,"column":3}}},"3":{"name":"(anonymous_4)","decl":{"start":{"line":20,"column":11},"end":{"line":20,"column":21}},"loc":{"start":{"line":20,"column":57},"end":{"line":28,"column":5}}}},"branchMap":{"0":{"loc":{"start":{"line":13,"column":8},"end":{"line":13,"column":31}},"type":"if","locations":[{"start":{"line":13,"column":8},"end":{"line":13,"column":31}},{"start":{"line":13,"column":8},"end":{"line":13,"column":31}}]}},"s":{"0":1,"1":1,"2":1,"3":1,"4":1,"5":0,"6":1,"7":1,"8":1,"9":1,"10":1,"11":1},"f":{"0":1,"1":1,"2":1,"3":1},"b":{"0":[0,1]}}
,"/home/trioangle/trioangle/typeorm/src/modules/shared/mixins.ts": {"path":"/home/trioangle/trioangle/typeorm/src/modules/shared/mixins.ts","statementMap":{"0":{"start":{"line":1,"column":0},"end":{"line":1,"column":59}},"1":{"start":{"line":3,"column":13},"end":{"line":10,"column":null}},"2":{"start":{"line":5,"column":3},"end":{"line":8,"column":null}},"3":{"start":{"line":7,"column":5},"end":{"line":7,"column":null}},"4":{"start":{"line":5,"column":9},"end":{"line":8,"column":null}},"5":{"start":{"line":9,"column":3},"end":{"line":9,"column":18}}},"fnMap":{"0":{"name":"(anonymous_2)","decl":{"start":{"line":3,"column":22},"end":{"line":3,"column":44}},"loc":{"start":{"line":3,"column":60},"end":{"line":10,"column":1}}}},"branchMap":{},"s":{"0":1,"1":1,"2":1,"3":1,"4":1,"5":1},"f":{"0":1},"b":{}}
,"/home/trioangle/trioangle/typeorm/src/test-utils/connection.ts": {"path":"/home/trioangle/trioangle/typeorm/src/test-utils/connection.ts","statementMap":{"0":{"start":{"line":1,"column":0},"end":{"line":1,"column":43}},"1":{"start":{"line":3,"column":13},"end":{"line":32,"column":null}},"2":{"start":{"line":4,"column":4},"end":{"line":31,"column":null}}},"fnMap":{"0":{"name":"(anonymous_0)","decl":{"start":{"line":3,"column":30},"end":{"line":3,"column":31}},"loc":{"start":{"line":3,"column":56},"end":{"line":32,"column":1}}}},"branchMap":{"0":{"loc":{"start":{"line":3,"column":47},"end":{"line":3,"column":52}},"type":"default-arg","locations":[{"start":{"line":3,"column":47},"end":{"line":3,"column":52}}]}},"s":{"0":1,"1":1,"2":1},"f":{"0":1},"b":{"0":[1]}}
,"/home/trioangle/trioangle/typeorm/src/test-utils/gCall.ts": {"path":"/home/trioangle/trioangle/typeorm/src/test-utils/gCall.ts","statementMap":{"0":{"start":{"line":1,"column":0},"end":{"line":1,"column":39}},"1":{"start":{"line":4,"column":0},"end":{"line":4,"column":48}},"2":{"start":{"line":17,"column":13},"end":{"line":33,"column":null}},"3":{"start":{"line":17,"column":74},"end":{"line":33,"column":null}},"4":{"start":{"line":18,"column":4},"end":{"line":20,"column":null}},"5":{"start":{"line":19,"column":8},"end":{"line":19,"column":34}},"6":{"start":{"line":21,"column":4},"end":{"line":32,"column":null}}},"fnMap":{"0":{"name":"(anonymous_7)","decl":{"start":{"line":17,"column":21},"end":{"line":17,"column":27}},"loc":{"start":{"line":17,"column":74},"end":{"line":33,"column":null}}},"1":{"name":"(anonymous_8)","decl":{"start":{"line":17,"column":74},"end":{"line":17,"column":null}},"loc":{"start":{"line":17,"column":74},"end":{"line":33,"column":1}}}},"branchMap":{"0":{"loc":{"start":{"line":18,"column":4},"end":{"line":20,"column":null}},"type":"if","locations":[{"start":{"line":18,"column":4},"end":{"line":20,"column":null}},{"start":{"line":18,"column":4},"end":{"line":20,"column":null}}]}},"s":{"0":1,"1":1,"2":1,"3":2,"4":2,"5":1,"6":2},"f":{"0":2,"1":2},"b":{"0":[1,1]}}
}
