TN:
SF:src/schema.ts
FN:3,(anonymous_0)
FN:6,(anonymous_1)
FNF:2
FNH:2
FNDA:1,(anonymous_0)
FNDA:1,(anonymous_1)
DA:1,1
DA:3,1
DA:4,1
DA:7,1
LF:4
LH:4
BRF:0
BRH:0
end_of_record
TN:
SF:src/entity/User.ts
FN:36,(anonymous_4)
FN:8,(anonymous_5)
FNF:2
FNH:2
FNDA:2,(anonymous_4)
FNDA:1,(anonymous_5)
DA:1,1
DA:2,1
DA:6,1
DA:8,1
DA:10,1
DA:14,1
DA:18,1
DA:22,1
DA:30,1
DA:33,1
DA:36,1
DA:37,2
LF:12
LH:12
BRF:0
BRH:0
end_of_record
TN:
SF:src/modules/middleware/auth.ts
FN:3,(anonymous_7)
FN:3,(anonymous_8)
FNF:2
FNH:0
FNDA:0,(anonymous_7)
FNDA:0,(anonymous_8)
DA:3,1
DA:4,0
DA:5,0
DA:8,0
LF:4
LH:1
BRDA:4,0,0,0
BRDA:4,0,1,0
BRF:2
BRH:0
end_of_record
TN:
SF:src/modules/middleware/logger.ts
FN:4,(anonymous_7)
FN:4,(anonymous_8)
FNF:2
FNH:0
FNDA:0,(anonymous_7)
FNDA:0,(anonymous_8)
DA:4,1
DA:5,0
DA:6,0
LF:3
LH:1
BRF:0
BRH:0
end_of_record
TN:
SF:src/modules/register/passwordInput.ts
FNF:0
FNH:0
DA:1,1
DA:2,1
DA:6,1
DA:9,1
LF:4
LH:4
BRF:0
BRH:0
end_of_record
TN:
SF:src/modules/register/register.resolver.ts
FN:16,(anonymous_11)
FN:33,(anonymous_13)
FN:42,(anonymous_15)
FN:60,(anonymous_17)
FN:15,(anonymous_19)
FN:41,(anonymous_20)
FN:59,(anonymous_21)
FNF:7
FNH:5
FNDA:1,(anonymous_11)
FNDA:0,(anonymous_13)
FNDA:0,(anonymous_15)
FNDA:1,(anonymous_17)
FNDA:1,(anonymous_19)
FNDA:1,(anonymous_20)
FNDA:1,(anonymous_21)
DA:1,1
DA:2,1
DA:3,1
DA:4,1
DA:5,1
DA:6,1
DA:10,1
DA:15,1
DA:16,1
DA:21,1
DA:22,1
DA:23,0
DA:26,1
DA:33,1
DA:34,0
DA:41,1
DA:42,1
DA:49,0
DA:52,0
DA:53,0
DA:59,1
DA:60,1
DA:63,1
DA:66,1
DA:67,1
LF:25
LH:20
BRDA:22,0,0,0
BRDA:22,0,1,1
BRF:2
BRH:1
end_of_record
TN:
SF:src/modules/register/registerInput.ts
FNF:0
FNH:0
DA:1,1
DA:2,1
DA:3,1
DA:4,1
DA:5,1
DA:9,1
DA:12,1
DA:15,1
DA:18,1
DA:23,1
LF:10
LH:10
BRF:0
BRH:0
end_of_record
TN:
SF:src/modules/register/validationConstrain.ts
FN:11,(anonymous_1)
FN:12,(anonymous_2)
FN:19,IsUserAlreadyExist
FN:20,(anonymous_4)
FNF:4
FNH:4
FNDA:1,(anonymous_1)
FNDA:1,(anonymous_2)
FNDA:1,IsUserAlreadyExist
FNDA:1,(anonymous_4)
DA:1,1
DA:2,1
DA:10,1
DA:12,1
DA:13,1
DA:14,1
DA:19,1
DA:20,1
DA:21,1
LF:9
LH:9
BRDA:13,0,0,0
BRDA:13,0,1,1
BRF:2
BRH:1
end_of_record
TN:
SF:src/modules/shared/mixins.ts
FN:3,(anonymous_2)
FNF:1
FNH:1
FNDA:1,(anonymous_2)
DA:1,1
DA:3,1
DA:5,1
DA:7,1
DA:9,1
LF:5
LH:5
BRF:0
BRH:0
end_of_record
TN:
SF:src/test-utils/connection.ts
FN:3,(anonymous_0)
FNF:1
FNH:1
FNDA:1,(anonymous_0)
DA:1,1
DA:3,1
DA:4,1
LF:3
LH:3
BRDA:3,0,0,1
BRF:1
BRH:1
end_of_record
TN:
SF:src/test-utils/gCall.ts
FN:17,(anonymous_7)
FN:17,(anonymous_8)
FNF:2
FNH:2
FNDA:2,(anonymous_7)
FNDA:2,(anonymous_8)
DA:1,1
DA:4,1
DA:17,2
DA:18,2
DA:19,1
DA:21,2
LF:6
LH:6
BRDA:18,0,0,1
BRDA:18,0,1,1
BRF:2
BRH:2
end_of_record
